<?xml version="1.0" encoding="UTF-8"?>
<testExecutions version="1">
    <file path="C:\Users\Matias\Desktop\Novapasta\Authentication-and-Authorization-Node-Component-\authization-module\__tests__\bulkCreate.test.js">
        <testCase name="Sequelize Testings Check bulk creation of UserRoles" duration="605">
            <failure
                    message="SequelizeForeignKeyConstraintError: (conn=891999, no: 1452, SQLState: 23000) Cannot add or update a child row: a foreign key constraint fails (`r15dtqer5c72jvex`.`UserRoles`, CONSTRAINT `UserRoles_ibfk_3` FOREIGN KEY (`UserId`) REFERENCES `User` (`id`) ON DELETE CASCADE ON UPDATE CASCADE)">
                <![CDATA[SequelizeForeignKeyConstraintError: (conn=891999, no: 1452, SQLState: 23000) Cannot add or update a child row: a foreign key constraint fails (`r15dtqer5c72jvex`.`UserRoles`, CONSTRAINT `UserRoles_ibfk_3` FOREIGN KEY (`UserId`) REFERENCES `User` (`id`) ON DELETE CASCADE ON UPDATE CASCADE)
sql: INSERT INTO `UserRoles` (`start_date`,`end_date`,`updater`,`active`,`RoleId`,`UserId`) VALUES ('2020-09-03 15:58:59.000',NULL,1,true,1,13),('2020-09-03 15:58:59.000',NULL,1,true,1,14),('2020-09-03 15:58:59.000',NULL,1,true,1,15),('2020-09-03 15:58:59.000',NULL,1,true,1,16),('2020-09-03 15:58:59.000',NULL,1,true,1,17),('2020-09-03 15:58:59.000',NULL,1,true,1,18),('2020-09-03 15:58:59.000',NULL,1,true,1,19),('2020-09-03 15:58:59.000',NULL,1,true,1,20),('2020-09-03 15:58:59.000',NULL,1,true,1,21),('2020-09-03 15:58:59.000',NULL,1,true,1,22),('2020-09-03 15:58:59.000',NULL,1,true,1,23),('2020-09-03 15:58:59.000',NULL,1,true,1,24),('2020-09-03 15:58:59.000',NULL,1,true,1,25),('2020-09-03 15:58:59.000',NULL,1,true,1,26),('2020-09-03 15:58:59.000',NULL,1,true,1,27),('2020-09-03 15:58:59.000',NULL,1,true,1,28),('2020-09-03 15:58:59.000',NULL,1,true,1,29),('2020-09-03 15:58:59.000',NULL,1,true,1,30),('2020-09-03 15:58:59.000',NULL,1,true,1,31),('2020-09-03 15:58:59.000',NULL,1,true,1,32),('2020-09-03 15:58:59.000',NULL,1,true,1,33),('2020-09-03 15:58:59.000',NULL,1,true,1,34),('2020-09-03 15:58:59.000',NULL,1,true,1,35),('2020-09-03 15:58:59.000',NULL,1,true,1,36),('2020-09-03 15:58:59.000',NULL,1,true,1,37),('2020-09-03 15:58:59.000',NULL,1,true,1,38),('2020-09-03 15:58:59.000',NULL,1,true,1,39),('2020-09-03 15:58:59.000',NULL,1,true,1,40),('2020-09-03 15:58:59.000',NULL,1,true,1,41),('2020-09-03 15:58:59.000',NULL,1,true,1,42); - parameters:[]
    at Query.formatError (C:\Users\Matias\Desktop\Novapasta\Authentication-and-Authorization-Node-Component-\authization-module\node_modules\sequelize\lib\dialects\mariadb\query.js:273:16)
    at C:\Users\Matias\Desktop\Novapasta\Authentication-and-Authorization-Node-Component-\authization-module\node_modules\sequelize\lib\dialects\mariadb\query.js:68:22
    at processTicksAndRejections (internal/process/task_queues.js:97:5)]]></failure>
        </testCase>
        <testCase name="Sequelize Testings Check bulk creation of Users" duration="0"/>
        <testCase name="Sequelize Testings Check bulk creation of UserList" duration="0"/>
        <testCase name="Sequelize Testings Check bulk creation of Permission" duration="0"/>
        <testCase name="Sequelize Testings Check bulk creation of List" duration="0"/>
        <testCase name="Sequelize Testings Check creation, obtaining and elimination of Role" duration="0"/>
        <testCase name="Sequelize Testings Check creation, obtaining and elimination of User History" duration="0"/>
        <testCase name="Sequelize Testings Check creation, obtaining and elimination of User " duration="0"/>
        <testCase name="Sequelize Testings Check join User with Role " duration="0"/>
        <testCase name="Sequelize Testings Check join User with List " duration="0"/>
        <testCase name="Sequelize Testings Check join Permission with Roles " duration="0"/>
    </file>
</testExecutions>
